<?xml version="1.0" encoding="UTF-8" ?>
<testsuite errors="0" failures="1" hostname="Sina-PC" name="test.test2" tests="1" time="0.062" timestamp="2014-05-23T22:17:54">
  <properties>
    <property name="java.vendor" value="Oracle Corporation" />
    <property name="env.USERDOMAIN_ROAMINGPROFILE" value="Sina-PC" />
    <property name="sun.java.launcher" value="SUN_STANDARD" />
    <property name="sun.management.compiler" value="HotSpot 64-Bit Tiered Compilers" />
    <property name="env.PROMPT" value="$P$G" />
    <property name="os.name" value="Windows NT (unknown)" />
    <property name="env.FP_NO_HOST_CHECK" value="NO" />
    <property name="sun.boot.class.path" value="C:\Program Files\Java\jre7\lib\resources.jar;C:\Program Files\Java\jre7\lib\rt.jar;C:\Program Files\Java\jre7\lib\sunrsasign.jar;C:\Program Files\Java\jre7\lib\jsse.jar;C:\Program Files\Java\jre7\lib\jce.jar;C:\Program Files\Java\jre7\lib\charsets.jar;C:\Program Files\Java\jre7\classes" />
    <property name="env.COMPUTERNAME" value="SINA-PC" />
    <property name="env.CommonProgramW6432" value="C:\Program Files\Common Files" />
    <property name="env.ALLUSERSPROFILE" value="C:\ProgramData" />
    <property name="sun.desktop" value="windows" />
    <property name="java.vm.specification.vendor" value="Oracle Corporation" />
    <property name="ant.home" value="C:\Users\Sina\Documents\CE Materials\Software Engineering\eclipse\eclipse\eclipse\plugins\org.apache.ant_1.8.3.v20120321-1730" />
    <property name="java.runtime.version" value="1.7.0_03-b05" />
    <property name="env.HOMEPATH" value="\Users\Sina" />
    <property name="user.name" value="Sina" />
    <property name="user.language" value="en" />
    <property name="env.PT5HOME" value="C:\Program Files (x86)\Cisco Packet Tracer 5.3.3" />
    <property name="sun.boot.library.path" value="C:\Program Files\Java\jre7\bin" />
    <property name="ant.project.default-target" value="build" />
    <property name="ant.project.name" value="SE" />
    <property name="env.ILBDIR" value="C:\Program Files (x86)\Common Files\Autodesk Shared\Materials\" />
    <property name="java.version" value="1.7.0_03" />
    <property name="env.PROCESSOR_IDENTIFIER" value="Intel64 Family 6 Model 58 Stepping 9, GenuineIntel" />
    <property name="user.timezone" value="" />
    <property name="env.TEMP" value="C:\Users\Sina\AppData\Local\Temp" />
    <property name="sun.arch.data.model" value="64" />
    <property name="java.endorsed.dirs" value="C:\Program Files\Java\jre7\lib\endorsed" />
    <property name="sun.cpu.isalist" value="amd64" />
    <property name="env.HOMEDRIVE" value="C:" />
    <property name="sun.jnu.encoding" value="Cp1252" />
    <property name="file.encoding.pkg" value="sun.io" />
    <property name="env.VS110COMNTOOLS" value="C:\Program Files (x86)\Microsoft Visual Studio 11.0\Common7\Tools\" />
    <property name="file.separator" value="\" />
    <property name="java.specification.name" value="Java Platform API Specification" />
    <property name="java.class.version" value="51.0" />
    <property name="user.country" value="US" />
    <property name="java.home" value="C:\Program Files\Java\jre7" />
    <property name="env.PSModulePath" value="C:\Windows\system32\WindowsPowerShell\v1.0\Modules\" />
    <property name="env.APPDATA" value="C:\Users\Sina\AppData\Roaming" />
    <property name="env.PUBLIC" value="C:\Users\Public" />
    <property name="java.vm.info" value="mixed mode" />
    <property name="env.ComSpec" value="C:\Windows\system32\cmd.exe" />
    <property name="env.OS" value="Windows_NT" />
    <property name="env.CommonProgramFiles" value="C:\Program Files\Common Files" />
    <property name="ant.file" value="C:\Users\Sina\Documents\eclipse-charand-workspace\SE\build.xml" />
    <property name="os.version" value="6.2" />
    <property name="env.ProgramW6432" value="C:\Program Files" />
    <property name="ant.file.SE" value="C:\Users\Sina\Documents\eclipse-charand-workspace\SE\build.xml" />
    <property name="path.separator" value=";" />
    <property name="java.vm.version" value="22.1-b02" />
    <property name="env.USERPROFILE" value="C:\Users\Sina" />
    <property name="user.variant" value="" />
    <property name="env.GECODEDIR" value="C:\Program Files\Gecode\" />
    <property name="ant.library.dir" value="C:\Users\Sina\Documents\CE Materials\Software Engineering\eclipse\eclipse\eclipse\plugins\org.apache.ant_1.8.3.v20120321-1730\lib" />
    <property name="junit.output.dir" value="junit" />
    <property name="env.JAVA_HOME" value="C:\Program Files\Java\" />
    <property name="java.awt.printerjob" value="sun.awt.windows.WPrinterJob" />
    <property name="env.TMP" value="C:\Users\Sina\AppData\Local\Temp" />
    <property name="sun.io.unicode.encoding" value="UnicodeLittle" />
    <property name="awt.toolkit" value="sun.awt.windows.WToolkit" />
    <property name="user.script" value="" />
    <property name="user.home" value="C:\Users\Sina" />
    <property name="target" value="1.7" />
    <property name="env.ProgramData" value="C:\ProgramData" />
    <property name="env.ProgramFiles(x86)" value="C:\Program Files (x86)" />
    <property name="java.specification.vendor" value="Oracle Corporation" />
    <property name="env.NUMBER_OF_PROCESSORS" value="8" />
    <property name="java.library.path" value="C:\Program Files\Java\jre7\bin;C:\Windows\Sun\Java\bin;C:\Windows\system32;C:\Windows;C:\Program Files (x86)\SemanticDesigns\DMS\Executables;C:\Program Files (x86)\Haskell\bin;C:\Program Files (x86)\Haskell Platform\2013.2.0.0\lib\extralibs\bin;C:\Program Files (x86)\Haskell Platform\2013.2.0.0\bin;C:\Python27\Lib\site-packages\PyQt4;C:\Program Files (x86)\NVIDIA Corporation\PhysX\Common;C:\Program Files (x86)\Intel\iCLS Client\C:\Program Files (x86)\Graphviz2.30\bin;C:\Program Files\Intel\iCLS Client\;C:\Windows\system32;C:\Windows;C:\Windows\System32\Wbem;C:\Windows\System32\WindowsPowerShell\v1.0\;C:\Program Files\Microsoft\Web Platform Installer\;C:\Program Files (x86)\Microsoft ASP.NET\ASP.NET Web Pages\v1.0\;C:\Program Files (x86)\Windows Kits\8.0\Windows Performance Toolkit\;C:\Program Files\Microsoft SQL Server\110\Tools\Binn\;C:\Program Files\Intel\Intel(R) Management Engine Components\DAL;C:\Program Files\Intel\Intel(R) Management Engine Components\IPT;C:\Program Files (x86)\Intel\Intel(R) Management Engine Components\DAL;C:\Program Files (x86)\Intel\Intel(R) Management Engine Components\IPT;C:\Program Files (x86)\Intel\OpenCL SDK\2.0\bin\x86;C:\Program Files (x86)\Intel\OpenCL SDK\2.0\bin\x64;C:\Program Files\Lenovo\Bluetooth Software\;C:\Program Files\Lenovo\Bluetooth Software\syswow64;C:\Python27;D:\Django-1.5\Django-1.5\django\bin;C:\Program Files (x86)\MySQL\MySQL Server 5.5\bin;C:\Program Files (x86)\Graphviz2.30\bin;C:\Program Files\Intel\WiFi\bin\;C:\Program Files\Common Files\Intel\WirelessCommon\;%QUARTUS_ROOTDIR%\bin;C:\Program Files\Gecode\bin\;C:\Python32;C:\Program Files (x86)\Haskell Platform\2013.2.0.0\mingw\bin;C:\Program Files (x86)\MiKTeX 2.9\miktex\bin\;C:\Program Files (x86)\Git\cmd;C:\Users\Sina\AppData\Roaming\cabal\bin;." />
    <property name="java.vendor.url" value="http://java.oracle.com/" />
    <property name="env.CM2014DIR" value="C:\Program Files (x86)\Common Files\Autodesk Shared\Materials\" />
    <property name="java.vm.vendor" value="Oracle Corporation" />
    <property name="java.runtime.name" value="Java(TM) SE Runtime Environment" />
    <property name="ant.version" value="Apache Ant(TM) version 1.8.3 compiled on February 26 2012" />
    <property name="java.class.path" value="C:\Users\Sina\Documents\eclipse-charand-workspace\SE\bin;C:\Users\Sina\Documents\CE Materials\Software Engineering\eclipse\eclipse\eclipse\plugins\org.junit_4.10.0.v4_10_0_v20120426-0900\junit.jar;C:\Users\Sina\Documents\CE Materials\Software Engineering\eclipse\eclipse\eclipse\plugins\org.hamcrest.core_1.1.0.v20090501071000.jar;C:\Users\Sina\Documents\CE Materials\Software Engineering\eclipse\eclipse\eclipse\plugins\org.apache.ant_1.8.3.v20120321-1730\lib\ant-launcher.jar;C:\Users\Sina\Documents\CE Materials\Software Engineering\eclipse\eclipse\eclipse\plugins\org.apache.ant_1.8.3.v20120321-1730\lib\ant.jar;C:\Users\Sina\Documents\CE Materials\Software Engineering\eclipse\eclipse\eclipse\plugins\org.apache.ant_1.8.3.v20120321-1730\lib\ant-junit.jar;C:\Users\Sina\Documents\CE Materials\Software Engineering\eclipse\eclipse\eclipse\plugins\org.apache.ant_1.8.3.v20120321-1730\lib\ant-junit4.jar" />
    <property name="sun.java.command" value="org.apache.tools.ant.taskdefs.optional.junit.JUnitTestRunner test.test2 filtertrace=true haltOnError=false haltOnFailure=false formatter=org.apache.tools.ant.taskdefs.optional.junit.OutErrSummaryJUnitResultFormatter showoutput=false outputtoformatters=true logfailedtests=true logtestlistenerevents=false formatter=org.apache.tools.ant.taskdefs.optional.junit.XMLJUnitResultFormatter,C:\Users\Sina\Documents\eclipse-charand-workspace\SE\junit\TEST-test.test2.xml crashfile=C:\Users\Sina\Documents\eclipse-charand-workspace\SE\junitvmwatcher2820359970381686097.properties propsfile=C:\Users\Sina\Documents\eclipse-charand-workspace\SE\junit3997145006628381212.properties" />
    <property name="env.DMS_DOMAINS" value="C:\Program Files (x86)\SemanticDesigns\DMS\Domains" />
    <property name="java.vm.specification.name" value="Java Virtual Machine Specification" />
    <property name="env.LOGONSERVER" value="\\SINA-PC" />
    <property name="env.windir" value="C:\Windows" />
    <property name="env.PROCESSOR_ARCHITECTURE" value="AMD64" />
    <property name="java.vm.specification.version" value="1.7" />
    <property name="sun.os.patch.level" value="" />
    <property name="sun.cpu.endian" value="little" />
    <property name="debuglevel" value="source,lines,vars" />
    <property name="env.ProgramFiles" value="C:\Program Files" />
    <property name="env.ANT_HOME" value="C:\Users\Sina\Documents\CE Materials\Software Engineering\eclipse\eclipse\eclipse\plugins\org.apache.ant_1.8.3.v20120321-1730" />
    <property name="java.io.tmpdir" value="C:\Users\Sina\AppData\Local\Temp\" />
    <property name="env.PROCESSOR_REVISION" value="3a09" />
    <property name="env.CommonProgramFiles(x86)" value="C:\Program Files (x86)\Common Files" />
    <property name="env.VBOX_INSTALL_PATH" value="C:\Program Files\Oracle\VirtualBox\" />
    <property name="java.vendor.url.bug" value="http://bugreport.sun.com/bugreport/" />
    <property name="env.SystemRoot" value="C:\Windows" />
    <property name="ant.file.type.SE" value="file" />
    <property name="os.arch" value="amd64" />
    <property name="java.awt.graphicsenv" value="sun.awt.Win32GraphicsEnvironment" />
    <property name="java.ext.dirs" value="C:\Program Files\Java\jre7\lib\ext;C:\Windows\Sun\Java\lib\ext" />
    <property name="user.dir" value="C:\Users\Sina\Documents\eclipse-charand-workspace\SE" />
    <property name="env.LOCALAPPDATA" value="C:\Users\Sina\AppData\Local" />
    <property name="line.separator" value="&#xd;&#xa;" />
    <property name="java.vm.name" value="Java HotSpot(TM) 64-Bit Server VM" />
    <property name="env.PATHEXT" value=".COM;.EXE;.BAT;.CMD;.VBS;.VBE;.JS;.JSE;.WSF;.WSH;.MSC" />
    <property name="env.Path" value="C:\Program Files (x86)\SemanticDesigns\DMS\Executables;C:\Program Files (x86)\Haskell\bin;C:\Program Files (x86)\Haskell Platform\2013.2.0.0\lib\extralibs\bin;C:\Program Files (x86)\Haskell Platform\2013.2.0.0\bin;C:\Python27\Lib\site-packages\PyQt4;C:\Program Files (x86)\NVIDIA Corporation\PhysX\Common;C:\Program Files (x86)\Intel\iCLS Client\C:\Program Files (x86)\Graphviz2.30\bin;C:\Program Files\Intel\iCLS Client\;C:\Windows\system32;C:\Windows;C:\Windows\System32\Wbem;C:\Windows\System32\WindowsPowerShell\v1.0\;C:\Program Files\Microsoft\Web Platform Installer\;C:\Program Files (x86)\Microsoft ASP.NET\ASP.NET Web Pages\v1.0\;C:\Program Files (x86)\Windows Kits\8.0\Windows Performance Toolkit\;C:\Program Files\Microsoft SQL Server\110\Tools\Binn\;C:\Program Files\Intel\Intel(R) Management Engine Components\DAL;C:\Program Files\Intel\Intel(R) Management Engine Components\IPT;C:\Program Files (x86)\Intel\Intel(R) Management Engine Components\DAL;C:\Program Files (x86)\Intel\Intel(R) Management Engine Components\IPT;C:\Program Files (x86)\Intel\OpenCL SDK\2.0\bin\x86;C:\Program Files (x86)\Intel\OpenCL SDK\2.0\bin\x64;C:\Program Files\Lenovo\Bluetooth Software\;C:\Program Files\Lenovo\Bluetooth Software\syswow64;C:\Python27;D:\Django-1.5\Django-1.5\django\bin;C:\Program Files (x86)\MySQL\MySQL Server 5.5\bin;C:\Program Files (x86)\Graphviz2.30\bin;C:\Program Files\Intel\WiFi\bin\;C:\Program Files\Common Files\Intel\WirelessCommon\;%QUARTUS_ROOTDIR%\bin;C:\Program Files\Gecode\bin\;C:\Python32;C:\Program Files (x86)\Haskell Platform\2013.2.0.0\mingw\bin;C:\Program Files (x86)\MiKTeX 2.9\miktex\bin\;C:\Program Files (x86)\Git\cmd;C:\Users\Sina\AppData\Roaming\cabal\bin" />
    <property name="basedir" value="C:\Users\Sina\Documents\eclipse-charand-workspace\SE" />
    <property name="ant.java.version" value="1.7" />
    <property name="ant.core.lib" value="C:\Users\Sina\Documents\CE Materials\Software Engineering\eclipse\eclipse\eclipse\plugins\org.apache.ant_1.8.3.v20120321-1730\lib\ant.jar" />
    <property name="env.USERNAME" value="Sina" />
    <property name="env.ESET_OPTIONS" value="                                                                                                                                                                                                                                                                                                                                                                                                                                                                                                                               " />
    <property name="env.SystemDrive" value="C:" />
    <property name="source" value="1.7" />
    <property name="file.encoding" value="Cp1252" />
    <property name="env.DMS_OUTPUT_ENCODING" value="ISO-8859-1" />
    <property name="env.USERDOMAIN" value="Sina-PC" />
    <property name="java.specification.version" value="1.7" />
    <property name="ant.project.invoked-targets" value="build,test2" />
    <property name="env.PROCESSOR_LEVEL" value="6" />
  </properties>
  <testcase classname="test.test2" name="test" time="0.006">
    <failure message="expected:&lt;-1.0&gt; but was:&lt;1.0&gt;" type="junit.framework.AssertionFailedError">junit.framework.AssertionFailedError: expected:&lt;-1.0&gt; but was:&lt;1.0&gt;
	at test.test2.test(test2.java:16)
</failure>
  </testcase>
  <system-out><![CDATA[]]></system-out>
  <system-err><![CDATA[]]></system-err>
</testsuite>
